Command line invocation:
    /Applications/Xcode.app/Contents/Developer/usr/bin/xcodebuild -workspace BlackJack.xcworkspace -scheme BlackJack -configuration Debug -destination "platform=iOS Simulator,name=iPhone 16,OS=18.4" build

Resolve Package Graph


Resolved source packages:
  GoogleUserMessagingPlatform: https://github.com/googleads/swift-package-manager-google-user-messaging-platform.git @ 3.0.0
  GoogleMobileAds: https://github.com/googleads/swift-package-manager-google-mobile-ads.git @ 12.11.0

ComputePackagePrebuildTargetDependencyGraph

Prepare packages

CreateBuildRequest

SendProjectDescription

CreateBuildOperation

ComputeTargetDependencyGraph
note: Building targets in dependency order
note: Target dependency graph (10 targets)
    Target 'BlackJack' in project 'BlackJack'
        ➜ Implicit dependency on target 'Pods-BlackJack' in project 'Pods' via file 'Pods_BlackJack.framework' in build phase 'Link Binary'
        ➜ Implicit dependency on target 'Google-Mobile-Ads-SDK' in project 'Pods' via options '-framework Google_Mobile_Ads_SDK' in build setting 'OTHER_LDFLAGS'
        ➜ Explicit dependency on target 'GoogleMobileAds' in project 'GoogleMobileAds'
    Target 'GoogleMobileAds' in project 'GoogleMobileAds'
        ➜ Explicit dependency on target 'GoogleMobileAdsTarget' in project 'GoogleMobileAds'
        ➜ Explicit dependency on target 'GoogleUserMessagingPlatform' in project 'GoogleUserMessagingPlatform'
    Target 'GoogleMobileAdsTarget' in project 'GoogleMobileAds'
        ➜ Explicit dependency on target 'GoogleUserMessagingPlatform' in project 'GoogleUserMessagingPlatform'
    Target 'GoogleUserMessagingPlatform' in project 'GoogleUserMessagingPlatform'
        ➜ Explicit dependency on target 'UserMessagingPlatformTarget' in project 'GoogleUserMessagingPlatform'
    Target 'UserMessagingPlatformTarget' in project 'GoogleUserMessagingPlatform' (no dependencies)
    Target 'Pods-BlackJack' in project 'Pods'
        ➜ Explicit dependency on target 'Google-Mobile-Ads-SDK' in project 'Pods'
        ➜ Explicit dependency on target 'GoogleUserMessagingPlatform' in project 'Pods'
    Target 'Google-Mobile-Ads-SDK' in project 'Pods'
        ➜ Explicit dependency on target 'Google-Mobile-Ads-SDK-GoogleMobileAdsResources' in project 'Pods'
        ➜ Explicit dependency on target 'GoogleUserMessagingPlatform' in project 'Pods'
    Target 'GoogleUserMessagingPlatform' in project 'Pods'
        ➜ Explicit dependency on target 'GoogleUserMessagingPlatform-UserMessagingPlatformResources' in project 'Pods'
    Target 'GoogleUserMessagingPlatform-UserMessagingPlatformResources' in project 'Pods' (no dependencies)
    Target 'Google-Mobile-Ads-SDK-GoogleMobileAdsResources' in project 'Pods' (no dependencies)

GatherProvisioningInputs

CreateBuildDescription

ExecuteExternalTool /Applications/Xcode.app/Contents/Developer/Toolchains/XcodeDefault.xctoolchain/usr/bin/clang -v -E -dM -isysroot /Applications/Xcode.app/Contents/Developer/Platforms/iPhoneSimulator.platform/Developer/SDKs/iPhoneSimulator26.1.sdk -x c -c /dev/null

ExecuteExternalTool /Applications/Xcode.app/Contents/Developer/Toolchains/XcodeDefault.xctoolchain/usr/bin/clang -v -E -dM -arch arm64 -isysroot /Applications/Xcode.app/Contents/Developer/Platforms/iPhoneSimulator.platform/Developer/SDKs/iPhoneSimulator26.1.sdk -x c -c /dev/null

ExecuteExternalTool /Applications/Xcode.app/Contents/Developer/Toolchains/XcodeDefault.xctoolchain/usr/bin/clang -v -E -dM -arch arm64 -isysroot /Applications/Xcode.app/Contents/Developer/Platforms/iPhoneSimulator.platform/Developer/SDKs/iPhoneSimulator26.1.sdk -x objective-c -c /dev/null

ExecuteExternalTool /Applications/Xcode.app/Contents/Developer/Toolchains/XcodeDefault.xctoolchain/usr/bin/swiftc --version

ExecuteExternalTool /Applications/Xcode.app/Contents/Developer/usr/bin/actool --print-asset-tag-combinations --output-format xml1 /Users/davidjohnson/Desktop/BlackJack/BlackJack/BlackJack/Assets.xcassets

ExecuteExternalTool /Applications/Xcode.app/Contents/Developer/Toolchains/XcodeDefault.xctoolchain/usr/bin/ld -version_details

ExecuteExternalTool /Applications/Xcode.app/Contents/Developer/Toolchains/XcodeDefault.xctoolchain/usr/bin/libtool -V

ExecuteExternalTool /Applications/Xcode.app/Contents/Developer/usr/bin/actool --version --output-format xml1

Build description signature: c95dca081f3d98279986e09e895d3bca
Build description path: /Users/davidjohnson/Library/Developer/Xcode/DerivedData/BlackJack-aeyvrglsgrwaeraxkexltgqsnhqh/Build/Intermediates.noindex/XCBuildData/c95dca081f3d98279986e09e895d3bca.xcbuilddata
ClangStatCache /Applications/Xcode.app/Contents/Developer/Toolchains/XcodeDefault.xctoolchain/usr/bin/clang-stat-cache /Applications/Xcode.app/Contents/Developer/Platforms/iPhoneSimulator.platform/Developer/SDKs/iPhoneSimulator26.1.sdk /Users/davidjohnson/Library/Developer/Xcode/DerivedData/SDKStatCaches.noindex/iphonesimulator26.1-23B77-90cf18a4295e390e64c810bc6bd7acbc.sdkstatcache
    cd /Users/davidjohnson/Desktop/BlackJack/BlackJack
    /Applications/Xcode.app/Contents/Developer/Toolchains/XcodeDefault.xctoolchain/usr/bin/clang-stat-cache /Applications/Xcode.app/Contents/Developer/Platforms/iPhoneSimulator.platform/Developer/SDKs/iPhoneSimulator26.1.sdk -o /Users/davidjohnson/Library/Developer/Xcode/DerivedData/SDKStatCaches.noindex/iphonesimulator26.1-23B77-90cf18a4295e390e64c810bc6bd7acbc.sdkstatcache

ProcessInfoPlistFile /Users/davidjohnson/Library/Developer/Xcode/DerivedData/BlackJack-aeyvrglsgrwaeraxkexltgqsnhqh/Build/Products/Debug-iphonesimulator/GoogleUserMessagingPlatform/UserMessagingPlatformResources.bundle/Info.plist /Users/davidjohnson/Desktop/BlackJack/BlackJack/Pods/Target\ Support\ Files/GoogleUserMessagingPlatform/ResourceBundle-UserMessagingPlatformResources-GoogleUserMessagingPlatform-Info.plist (in target 'GoogleUserMessagingPlatform-UserMessagingPlatformResources' from project 'Pods')
    cd /Users/davidjohnson/Desktop/BlackJack/BlackJack/Pods
    builtin-infoPlistUtility /Users/davidjohnson/Desktop/BlackJack/BlackJack/Pods/Target\ Support\ Files/GoogleUserMessagingPlatform/ResourceBundle-UserMessagingPlatformResources-GoogleUserMessagingPlatform-Info.plist -producttype com.apple.product-type.bundle -expandbuildsettings -format binary -platform iphonesimulator -o /Users/davidjohnson/Library/Developer/Xcode/DerivedData/BlackJack-aeyvrglsgrwaeraxkexltgqsnhqh/Build/Products/Debug-iphonesimulator/GoogleUserMessagingPlatform/UserMessagingPlatformResources.bundle/Info.plist

ProcessInfoPlistFile /Users/davidjohnson/Library/Developer/Xcode/DerivedData/BlackJack-aeyvrglsgrwaeraxkexltgqsnhqh/Build/Products/Debug-iphonesimulator/Google-Mobile-Ads-SDK/GoogleMobileAdsResources.bundle/Info.plist /Users/davidjohnson/Desktop/BlackJack/BlackJack/Pods/Target\ Support\ Files/Google-Mobile-Ads-SDK/ResourceBundle-GoogleMobileAdsResources-Google-Mobile-Ads-SDK-Info.plist (in target 'Google-Mobile-Ads-SDK-GoogleMobileAdsResources' from project 'Pods')
    cd /Users/davidjohnson/Desktop/BlackJack/BlackJack/Pods
    builtin-infoPlistUtility /Users/davidjohnson/Desktop/BlackJack/BlackJack/Pods/Target\ Support\ Files/Google-Mobile-Ads-SDK/ResourceBundle-GoogleMobileAdsResources-Google-Mobile-Ads-SDK-Info.plist -producttype com.apple.product-type.bundle -expandbuildsettings -format binary -platform iphonesimulator -o /Users/davidjohnson/Library/Developer/Xcode/DerivedData/BlackJack-aeyvrglsgrwaeraxkexltgqsnhqh/Build/Products/Debug-iphonesimulator/Google-Mobile-Ads-SDK/GoogleMobileAdsResources.bundle/Info.plist

ProcessInfoPlistFile /Users/davidjohnson/Library/Developer/Xcode/DerivedData/BlackJack-aeyvrglsgrwaeraxkexltgqsnhqh/Build/Products/Debug-iphonesimulator/Google-Mobile-Ads-SDK/Google_Mobile_Ads_SDK.framework/Info.plist /Users/davidjohnson/Desktop/BlackJack/BlackJack/Pods/Target\ Support\ Files/Google-Mobile-Ads-SDK/Google-Mobile-Ads-SDK-Info.plist (in target 'Google-Mobile-Ads-SDK' from project 'Pods')
    cd /Users/davidjohnson/Desktop/BlackJack/BlackJack/Pods
    builtin-infoPlistUtility /Users/davidjohnson/Desktop/BlackJack/BlackJack/Pods/Target\ Support\ Files/Google-Mobile-Ads-SDK/Google-Mobile-Ads-SDK-Info.plist -producttype com.apple.product-type.framework -expandbuildsettings -format binary -platform iphonesimulator -o /Users/davidjohnson/Library/Developer/Xcode/DerivedData/BlackJack-aeyvrglsgrwaeraxkexltgqsnhqh/Build/Products/Debug-iphonesimulator/Google-Mobile-Ads-SDK/Google_Mobile_Ads_SDK.framework/Info.plist

ProcessInfoPlistFile /Users/davidjohnson/Library/Developer/Xcode/DerivedData/BlackJack-aeyvrglsgrwaeraxkexltgqsnhqh/Build/Products/Debug-iphonesimulator/Pods_BlackJack.framework/Info.plist /Users/davidjohnson/Desktop/BlackJack/BlackJack/Pods/Target\ Support\ Files/Pods-BlackJack/Pods-BlackJack-Info.plist (in target 'Pods-BlackJack' from project 'Pods')
    cd /Users/davidjohnson/Desktop/BlackJack/BlackJack/Pods
    builtin-infoPlistUtility /Users/davidjohnson/Desktop/BlackJack/BlackJack/Pods/Target\ Support\ Files/Pods-BlackJack/Pods-BlackJack-Info.plist -producttype com.apple.product-type.framework -expandbuildsettings -format binary -platform iphonesimulator -o /Users/davidjohnson/Library/Developer/Xcode/DerivedData/BlackJack-aeyvrglsgrwaeraxkexltgqsnhqh/Build/Products/Debug-iphonesimulator/Pods_BlackJack.framework/Info.plist

SwiftDriver BlackJack normal arm64 com.apple.xcode.tools.swift.compiler (in target 'BlackJack' from project 'BlackJack')
    cd /Users/davidjohnson/Desktop/BlackJack/BlackJack
    builtin-SwiftDriver -- /Applications/Xcode.app/Contents/Developer/Toolchains/XcodeDefault.xctoolchain/usr/bin/swiftc -module-name SpadeBet -Onone -enforce-exclusivity\=checked @/Users/davidjohnson/Library/Developer/Xcode/DerivedData/BlackJack-aeyvrglsgrwaeraxkexltgqsnhqh/Build/Intermediates.noindex/BlackJack.build/Debug-iphonesimulator/BlackJack.build/Objects-normal/arm64/SpadeBet.SwiftFileList -DDEBUG -Xcc -fmodule-map-file\=/Users/davidjohnson/Library/Developer/Xcode/DerivedData/BlackJack-aeyvrglsgrwaeraxkexltgqsnhqh/Build/Intermediates.noindex/GeneratedModuleMaps-iphonesimulator/UserMessagingPlatformTarget.modulemap -D COCOAPODS -enable-bare-slash-regex -enable-experimental-feature DebugDescriptionMacro -sdk /Applications/Xcode.app/Contents/Developer/Platforms/iPhoneSimulator.platform/Developer/SDKs/iPhoneSimulator26.1.sdk -target arm64-apple-ios18.0-simulator -g -module-cache-path /Users/davidjohnson/Library/Developer/Xcode/DerivedData/ModuleCache.noindex -Xfrontend -serialize-debugging-options -profile-coverage-mapping -profile-generate -enable-testing -index-store-path /Users/davidjohnson/Library/Developer/Xcode/DerivedData/BlackJack-aeyvrglsgrwaeraxkexltgqsnhqh/Index.noindex/DataStore -Xcc -D_LIBCPP_HARDENING_MODE\=_LIBCPP_HARDENING_MODE_DEBUG -swift-version 5 -I /Users/davidjohnson/Library/Developer/Xcode/DerivedData/BlackJack-aeyvrglsgrwaeraxkexltgqsnhqh/Build/Products/Debug-iphonesimulator -F /Users/davidjohnson/Library/Developer/Xcode/DerivedData/BlackJack-aeyvrglsgrwaeraxkexltgqsnhqh/Build/Products/Debug-iphonesimulator/PackageFrameworks -F /Users/davidjohnson/Library/Developer/Xcode/DerivedData/BlackJack-aeyvrglsgrwaeraxkexltgqsnhqh/Build/Products/Debug-iphonesimulator/PackageFrameworks -F /Users/davidjohnson/Library/Developer/Xcode/DerivedData/BlackJack-aeyvrglsgrwaeraxkexltgqsnhqh/Build/Products/Debug-iphonesimulator -F /Users/davidjohnson/Library/Developer/Xcode/DerivedData/BlackJack-aeyvrglsgrwaeraxkexltgqsnhqh/Build/Products/Debug-iphonesimulator/Google-Mobile-Ads-SDK -F /Users/davidjohnson/Desktop/BlackJack/BlackJack/Pods/Google-Mobile-Ads-SDK/Frameworks/GoogleMobileAdsFramework -F /Users/davidjohnson/Desktop/BlackJack/BlackJack/Pods/GoogleUserMessagingPlatform/Frameworks/Release -F /Users/davidjohnson/Library/Developer/Xcode/DerivedData/BlackJack-aeyvrglsgrwaeraxkexltgqsnhqh/Build/Products/Debug-iphonesimulator/XCFrameworkIntermediates/Google-Mobile-Ads-SDK -F /Users/davidjohnson/Library/Developer/Xcode/DerivedData/BlackJack-aeyvrglsgrwaeraxkexltgqsnhqh/Build/Products/Debug-iphonesimulator/XCFrameworkIntermediates/GoogleUserMessagingPlatform -emit-localized-strings -emit-localized-strings-path /Users/davidjohnson/Library/Developer/Xcode/DerivedData/BlackJack-aeyvrglsgrwaeraxkexltgqsnhqh/Build/Intermediates.noindex/BlackJack.build/Debug-iphonesimulator/BlackJack.build/Objects-normal/arm64 -c -j10 -enable-batch-mode -incremental -Xcc -ivfsstatcache -Xcc /Users/davidjohnson/Library/Developer/Xcode/DerivedData/SDKStatCaches.noindex/iphonesimulator26.1-23B77-90cf18a4295e390e64c810bc6bd7acbc.sdkstatcache -output-file-map /Users/davidjohnson/Library/Developer/Xcode/DerivedData/BlackJack-aeyvrglsgrwaeraxkexltgqsnhqh/Build/Intermediates.noindex/BlackJack.build/Debug-iphonesimulator/BlackJack.build/Objects-normal/arm64/BlackJack-OutputFileMap.json -use-frontend-parseable-output -save-temps -no-color-diagnostics -explicit-module-build -module-cache-path /Users/davidjohnson/Library/Developer/Xcode/DerivedData/BlackJack-aeyvrglsgrwaeraxkexltgqsnhqh/Build/Intermediates.noindex/SwiftExplicitPrecompiledModules -clang-scanner-module-cache-path /Users/davidjohnson/Library/Developer/Xcode/DerivedData/ModuleCache.noindex -sdk-module-cache-path /Users/davidjohnson/Library/Developer/Xcode/DerivedData/ModuleCache.noindex -serialize-diagnostics -emit-dependencies -emit-module -emit-module-path /Users/davidjohnson/Library/Developer/Xcode/DerivedData/BlackJack-aeyvrglsgrwaeraxkexltgqsnhqh/Build/Intermediates.noindex/BlackJack.build/Debug-iphonesimulator/BlackJack.build/Objects-normal/arm64/SpadeBet.swiftmodule -validate-clang-modules-once -clang-build-session-file /Users/davidjohnson/Library/Developer/Xcode/DerivedData/ModuleCache.noindex/Session.modulevalidation -Xcc -I/Users/davidjohnson/Library/Developer/Xcode/DerivedData/BlackJack-aeyvrglsgrwaeraxkexltgqsnhqh/Build/Intermediates.noindex/BlackJack.build/Debug-iphonesimulator/BlackJack.build/swift-overrides.hmap -emit-const-values -Xfrontend -const-gather-protocols-file -Xfrontend /Users/davidjohnson/Library/Developer/Xcode/DerivedData/BlackJack-aeyvrglsgrwaeraxkexltgqsnhqh/Build/Intermediates.noindex/BlackJack.build/Debug-iphonesimulator/BlackJack.build/Objects-normal/arm64/BlackJack_const_extract_protocols.json -Xcc -iquote -Xcc /Users/davidjohnson/Library/Developer/Xcode/DerivedData/BlackJack-aeyvrglsgrwaeraxkexltgqsnhqh/Build/Intermediates.noindex/BlackJack.build/Debug-iphonesimulator/BlackJack.build/SpadeBet-generated-files.hmap -Xcc -I/Users/davidjohnson/Library/Developer/Xcode/DerivedData/BlackJack-aeyvrglsgrwaeraxkexltgqsnhqh/Build/Intermediates.noindex/BlackJack.build/Debug-iphonesimulator/BlackJack.build/SpadeBet-own-target-headers.hmap -Xcc -I/Users/davidjohnson/Library/Developer/Xcode/DerivedData/BlackJack-aeyvrglsgrwaeraxkexltgqsnhqh/Build/Intermediates.noindex/BlackJack.build/Debug-iphonesimulator/BlackJack.build/SpadeBet-all-non-framework-target-headers.hmap -Xcc -ivfsoverlay -Xcc /Users/davidjohnson/Library/Developer/Xcode/DerivedData/BlackJack-aeyvrglsgrwaeraxkexltgqsnhqh/Build/Intermediates.noindex/BlackJack.build/Debug-iphonesimulator/BlackJack-a4348f5d0d44dc1a8721cb116288e205-VFS-iphonesimulator/all-product-headers.yaml -Xcc -iquote -Xcc /Users/davidjohnson/Library/Developer/Xcode/DerivedData/BlackJack-aeyvrglsgrwaeraxkexltgqsnhqh/Build/Intermediates.noindex/BlackJack.build/Debug-iphonesimulator/BlackJack.build/SpadeBet-project-headers.hmap -Xcc -I/Users/davidjohnson/Library/Developer/Xcode/DerivedData/BlackJack-aeyvrglsgrwaeraxkexltgqsnhqh/SourcePackages/checkouts/swift-package-manager-google-user-messaging-platform/UserMessagingPlatformTarget/include -Xcc -I/Users/davidjohnson/Library/Developer/Xcode/DerivedData/BlackJack-aeyvrglsgrwaeraxkexltgqsnhqh/Build/Products/Debug-iphonesimulator/include -Xcc -I/Users/davidjohnson/Library/Developer/Xcode/DerivedData/BlackJack-aeyvrglsgrwaeraxkexltgqsnhqh/Build/Products/Debug-iphonesimulator/Google-Mobile-Ads-SDK/Google_Mobile_Ads_SDK.framework/Headers -Xcc -I/Users/davidjohnson/Library/Developer/Xcode/DerivedData/BlackJack-aeyvrglsgrwaeraxkexltgqsnhqh/Build/Intermediates.noindex/BlackJack.build/Debug-iphonesimulator/BlackJack.build/DerivedSources-normal/arm64 -Xcc -I/Users/davidjohnson/Library/Developer/Xcode/DerivedData/BlackJack-aeyvrglsgrwaeraxkexltgqsnhqh/Build/Intermediates.noindex/BlackJack.build/Debug-iphonesimulator/BlackJack.build/DerivedSources/arm64 -Xcc -I/Users/davidjohnson/Library/Developer/Xcode/DerivedData/BlackJack-aeyvrglsgrwaeraxkexltgqsnhqh/Build/Intermediates.noindex/BlackJack.build/Debug-iphonesimulator/BlackJack.build/DerivedSources -Xcc -DDEBUG\=1 -Xcc -DCOCOAPODS\=1 -emit-objc-header -emit-objc-header-path /Users/davidjohnson/Library/Developer/Xcode/DerivedData/BlackJack-aeyvrglsgrwaeraxkexltgqsnhqh/Build/Intermediates.noindex/BlackJack.build/Debug-iphonesimulator/BlackJack.build/Objects-normal/arm64/SpadeBet-Swift.h -working-directory /Users/davidjohnson/Desktop/BlackJack/BlackJack -experimental-emit-module-separately -disable-cmo

ProcessInfoPlistFile /Users/davidjohnson/Library/Developer/Xcode/DerivedData/BlackJack-aeyvrglsgrwaeraxkexltgqsnhqh/Build/Products/Debug-iphonesimulator/SpadeBet.app/Info.plist /Users/davidjohnson/Desktop/BlackJack/BlackJack/BlackJack/Info.plist (in target 'BlackJack' from project 'BlackJack')
    cd /Users/davidjohnson/Desktop/BlackJack/BlackJack
    builtin-infoPlistUtility /Users/davidjohnson/Desktop/BlackJack/BlackJack/BlackJack/Info.plist -producttype com.apple.product-type.application -genpkginfo /Users/davidjohnson/Library/Developer/Xcode/DerivedData/BlackJack-aeyvrglsgrwaeraxkexltgqsnhqh/Build/Products/Debug-iphonesimulator/SpadeBet.app/PkgInfo -expandbuildsettings -format binary -platform iphonesimulator -additionalcontentfile /Users/davidjohnson/Library/Developer/Xcode/DerivedData/BlackJack-aeyvrglsgrwaeraxkexltgqsnhqh/Build/Intermediates.noindex/BlackJack.build/Debug-iphonesimulator/BlackJack.build/assetcatalog_generated_info.plist -scanforprivacyfile /Users/davidjohnson/Library/Developer/Xcode/DerivedData/BlackJack-aeyvrglsgrwaeraxkexltgqsnhqh/Build/Products/Debug-iphonesimulator/SpadeBet.app/Frameworks/GoogleMobileAds.framework -scanforprivacyfile /Users/davidjohnson/Library/Developer/Xcode/DerivedData/BlackJack-aeyvrglsgrwaeraxkexltgqsnhqh/Build/Products/Debug-iphonesimulator/SpadeBet.app/Frameworks/UserMessagingPlatform.framework -o /Users/davidjohnson/Library/Developer/Xcode/DerivedData/BlackJack-aeyvrglsgrwaeraxkexltgqsnhqh/Build/Products/Debug-iphonesimulator/SpadeBet.app/Info.plist

SwiftEmitModule normal arm64 Emitting\ module\ for\ SpadeBet (in target 'BlackJack' from project 'BlackJack')

EmitSwiftModule normal arm64 (in target 'BlackJack' from project 'BlackJack')
    cd /Users/davidjohnson/Desktop/BlackJack/BlackJack
    
/Users/davidjohnson/Desktop/BlackJack/BlackJack/BlackJack/Models/AdMobManager.swift:14:10: warning: instance method 'adDidDismissFullScreenContent' nearly matches optional requirement 'adDidDismissFullScreenContent' of protocol 'FullScreenContentDelegate'
    func adDidDismissFullScreenContent(_ ad: RewardedAd) {
         ^
/Users/davidjohnson/Desktop/BlackJack/BlackJack/BlackJack/Models/AdMobManager.swift:14:10: note: candidate has non-matching type '(RewardedAd) -> ()'
    func adDidDismissFullScreenContent(_ ad: RewardedAd) {
         ^
/Users/davidjohnson/Desktop/BlackJack/BlackJack/BlackJack/Models/AdMobManager.swift:14:10: note: move 'adDidDismissFullScreenContent' to an extension to silence this warning
    func adDidDismissFullScreenContent(_ ad: RewardedAd) {
         ^
/Users/davidjohnson/Desktop/BlackJack/BlackJack/BlackJack/Models/AdMobManager.swift:14:10: note: make 'adDidDismissFullScreenContent' private to silence this warning
    func adDidDismissFullScreenContent(_ ad: RewardedAd) {
         ^
    private 
GoogleMobileAds.FullScreenContentDelegate.adDidDismissFullScreenContent:2:26: note: requirement 'adDidDismissFullScreenContent' declared here
@MainActor optional func adDidDismissFullScreenContent(_ ad: any FullScreenPresentingAd)}
                         ^
/Users/davidjohnson/Desktop/BlackJack/BlackJack/BlackJack/Models/AdMobManager.swift:23:10: warning: instance method 'ad(_:didFailToPresentFullScreenContentWithError:)' nearly matches optional requirement 'ad(_:didFailToPresentFullScreenContentWithError:)' of protocol 'FullScreenContentDelegate'
    func ad(_ ad: RewardedAd, didFailToPresentFullScreenContentWithError error: Error) {
         ^
/Users/davidjohnson/Desktop/BlackJack/BlackJack/BlackJack/Models/AdMobManager.swift:23:10: note: candidate has non-matching type '(RewardedAd, any Error) -> ()'
    func ad(_ ad: RewardedAd, didFailToPresentFullScreenContentWithError error: Error) {
         ^
/Users/davidjohnson/Desktop/BlackJack/BlackJack/BlackJack/Models/AdMobManager.swift:23:10: note: move 'ad(_:didFailToPresentFullScreenContentWithError:)' to an extension to silence this warning
    func ad(_ ad: RewardedAd, didFailToPresentFullScreenContentWithError error: Error) {
         ^
/Users/davidjohnson/Desktop/BlackJack/BlackJack/BlackJack/Models/AdMobManager.swift:23:10: note: make 'ad(_:didFailToPresentFullScreenContentWithError:)' private to silence this warning
    func ad(_ ad: RewardedAd, didFailToPresentFullScreenContentWithError error: Error) {
         ^
    private 
GoogleMobileAds.FullScreenContentDelegate.ad:2:26: note: requirement 'ad(_:didFailToPresentFullScreenContentWithError:)' declared here
@MainActor optional func ad(_ ad: any FullScreenPresentingAd, didFailToPresentFullScreenContentWithError error: any Error)}
                         ^

SwiftCompile normal arm64 Compiling\ LoadingView.swift /Users/davidjohnson/Desktop/BlackJack/BlackJack/BlackJack/Views/LoadingView.swift (in target 'BlackJack' from project 'BlackJack')

SwiftCompile normal arm64 /Users/davidjohnson/Desktop/BlackJack/BlackJack/BlackJack/Views/LoadingView.swift (in target 'BlackJack' from project 'BlackJack')
    cd /Users/davidjohnson/Desktop/BlackJack/BlackJack
    
/Users/davidjohnson/Desktop/BlackJack/BlackJack/BlackJack/Views/LoadingView.swift:109:17: warning: 'init(destination:isActive:label:)' was deprecated in iOS 16.0: use NavigationLink(value:label:), or navigationDestination(isPresented:destination:), inside a NavigationStack or NavigationSplitView
                NavigationLink(
                ^

SwiftCompile normal arm64 Compiling\ MainMenuView.swift /Users/davidjohnson/Desktop/BlackJack/BlackJack/BlackJack/Views/MainMenuView.swift (in target 'BlackJack' from project 'BlackJack')
SwiftCompile normal arm64 /Users/davidjohnson/Desktop/BlackJack/BlackJack/BlackJack/Views/MainMenuView.swift (in target 'BlackJack' from project 'BlackJack')
    cd /Users/davidjohnson/Desktop/BlackJack/BlackJack
    

SwiftDriverJobDiscovery normal arm64 Compiling LoadingView.swift (in target 'BlackJack' from project 'BlackJack')

SwiftCompile normal arm64 Compiling\ StatsIconView.swift /Users/davidjohnson/Desktop/BlackJack/BlackJack/BlackJack/Views/StatsIconView.swift (in target 'BlackJack' from project 'BlackJack')

SwiftCompile normal arm64 /Users/davidjohnson/Desktop/BlackJack/BlackJack/BlackJack/Views/StatsIconView.swift (in target 'BlackJack' from project 'BlackJack')
    cd /Users/davidjohnson/Desktop/BlackJack/BlackJack
    

SwiftCompile normal arm64 Compiling\ SettingsIconView.swift /Users/davidjohnson/Desktop/BlackJack/BlackJack/BlackJack/Views/SettingsIconView.swift (in target 'BlackJack' from project 'BlackJack')

SwiftCompile normal arm64 /Users/davidjohnson/Desktop/BlackJack/BlackJack/BlackJack/Views/SettingsIconView.swift (in target 'BlackJack' from project 'BlackJack')
    cd /Users/davidjohnson/Desktop/BlackJack/BlackJack
    

SwiftCompile normal arm64 Compiling\ ContentView.swift /Users/davidjohnson/Desktop/BlackJack/BlackJack/BlackJack/Views/ContentView.swift (in target 'BlackJack' from project 'BlackJack')

SwiftCompile normal arm64 /Users/davidjohnson/Desktop/BlackJack/BlackJack/BlackJack/Views/ContentView.swift (in target 'BlackJack' from project 'BlackJack')
    cd /Users/davidjohnson/Desktop/BlackJack/BlackJack
    

SwiftCompile normal arm64 Compiling\ StatsPopupView.swift /Users/davidjohnson/Desktop/BlackJack/BlackJack/BlackJack/Views/StatsPopupView.swift (in target 'BlackJack' from project 'BlackJack')

SwiftCompile normal arm64 /Users/davidjohnson/Desktop/BlackJack/BlackJack/BlackJack/Views/StatsPopupView.swift (in target 'BlackJack' from project 'BlackJack')
    cd /Users/davidjohnson/Desktop/BlackJack/BlackJack
    

SwiftDriverJobDiscovery normal arm64 Compiling ContentView.swift (in target 'BlackJack' from project 'BlackJack')

SwiftDriverJobDiscovery normal arm64 Emitting module for SpadeBet (in target 'BlackJack' from project 'BlackJack')

SwiftDriver\ Compilation\ Requirements BlackJack normal arm64 com.apple.xcode.tools.swift.compiler (in target 'BlackJack' from project 'BlackJack')
    cd /Users/davidjohnson/Desktop/BlackJack/BlackJack
    builtin-Swift-Compilation-Requirements -- /Applications/Xcode.app/Contents/Developer/Toolchains/XcodeDefault.xctoolchain/usr/bin/swiftc -module-name SpadeBet -Onone -enforce-exclusivity\=checked @/Users/davidjohnson/Library/Developer/Xcode/DerivedData/BlackJack-aeyvrglsgrwaeraxkexltgqsnhqh/Build/Intermediates.noindex/BlackJack.build/Debug-iphonesimulator/BlackJack.build/Objects-normal/arm64/SpadeBet.SwiftFileList -DDEBUG -Xcc -fmodule-map-file\=/Users/davidjohnson/Library/Developer/Xcode/DerivedData/BlackJack-aeyvrglsgrwaeraxkexltgqsnhqh/Build/Intermediates.noindex/GeneratedModuleMaps-iphonesimulator/UserMessagingPlatformTarget.modulemap -D COCOAPODS -enable-bare-slash-regex -enable-experimental-feature DebugDescriptionMacro -sdk /Applications/Xcode.app/Contents/Developer/Platforms/iPhoneSimulator.platform/Developer/SDKs/iPhoneSimulator26.1.sdk -target arm64-apple-ios18.0-simulator -g -module-cache-path /Users/davidjohnson/Library/Developer/Xcode/DerivedData/ModuleCache.noindex -Xfrontend -serialize-debugging-options -profile-coverage-mapping -profile-generate -enable-testing -index-store-path /Users/davidjohnson/Library/Developer/Xcode/DerivedData/BlackJack-aeyvrglsgrwaeraxkexltgqsnhqh/Index.noindex/DataStore -Xcc -D_LIBCPP_HARDENING_MODE\=_LIBCPP_HARDENING_MODE_DEBUG -swift-version 5 -I /Users/davidjohnson/Library/Developer/Xcode/DerivedData/BlackJack-aeyvrglsgrwaeraxkexltgqsnhqh/Build/Products/Debug-iphonesimulator -F /Users/davidjohnson/Library/Developer/Xcode/DerivedData/BlackJack-aeyvrglsgrwaeraxkexltgqsnhqh/Build/Products/Debug-iphonesimulator/PackageFrameworks -F /Users/davidjohnson/Library/Developer/Xcode/DerivedData/BlackJack-aeyvrglsgrwaeraxkexltgqsnhqh/Build/Products/Debug-iphonesimulator/PackageFrameworks -F /Users/davidjohnson/Library/Developer/Xcode/DerivedData/BlackJack-aeyvrglsgrwaeraxkexltgqsnhqh/Build/Products/Debug-iphonesimulator -F /Users/davidjohnson/Library/Developer/Xcode/DerivedData/BlackJack-aeyvrglsgrwaeraxkexltgqsnhqh/Build/Products/Debug-iphonesimulator/Google-Mobile-Ads-SDK -F /Users/davidjohnson/Desktop/BlackJack/BlackJack/Pods/Google-Mobile-Ads-SDK/Frameworks/GoogleMobileAdsFramework -F /Users/davidjohnson/Desktop/BlackJack/BlackJack/Pods/GoogleUserMessagingPlatform/Frameworks/Release -F /Users/davidjohnson/Library/Developer/Xcode/DerivedData/BlackJack-aeyvrglsgrwaeraxkexltgqsnhqh/Build/Products/Debug-iphonesimulator/XCFrameworkIntermediates/Google-Mobile-Ads-SDK -F /Users/davidjohnson/Library/Developer/Xcode/DerivedData/BlackJack-aeyvrglsgrwaeraxkexltgqsnhqh/Build/Products/Debug-iphonesimulator/XCFrameworkIntermediates/GoogleUserMessagingPlatform -emit-localized-strings -emit-localized-strings-path /Users/davidjohnson/Library/Developer/Xcode/DerivedData/BlackJack-aeyvrglsgrwaeraxkexltgqsnhqh/Build/Intermediates.noindex/BlackJack.build/Debug-iphonesimulator/BlackJack.build/Objects-normal/arm64 -c -j10 -enable-batch-mode -incremental -Xcc -ivfsstatcache -Xcc /Users/davidjohnson/Library/Developer/Xcode/DerivedData/SDKStatCaches.noindex/iphonesimulator26.1-23B77-90cf18a4295e390e64c810bc6bd7acbc.sdkstatcache -output-file-map /Users/davidjohnson/Library/Developer/Xcode/DerivedData/BlackJack-aeyvrglsgrwaeraxkexltgqsnhqh/Build/Intermediates.noindex/BlackJack.build/Debug-iphonesimulator/BlackJack.build/Objects-normal/arm64/BlackJack-OutputFileMap.json -use-frontend-parseable-output -save-temps -no-color-diagnostics -explicit-module-build -module-cache-path /Users/davidjohnson/Library/Developer/Xcode/DerivedData/BlackJack-aeyvrglsgrwaeraxkexltgqsnhqh/Build/Intermediates.noindex/SwiftExplicitPrecompiledModules -clang-scanner-module-cache-path /Users/davidjohnson/Library/Developer/Xcode/DerivedData/ModuleCache.noindex -sdk-module-cache-path /Users/davidjohnson/Library/Developer/Xcode/DerivedData/ModuleCache.noindex -serialize-diagnostics -emit-dependencies -emit-module -emit-module-path /Users/davidjohnson/Library/Developer/Xcode/DerivedData/BlackJack-aeyvrglsgrwaeraxkexltgqsnhqh/Build/Intermediates.noindex/BlackJack.build/Debug-iphonesimulator/BlackJack.build/Objects-normal/arm64/SpadeBet.swiftmodule -validate-clang-modules-once -clang-build-session-file /Users/davidjohnson/Library/Developer/Xcode/DerivedData/ModuleCache.noindex/Session.modulevalidation -Xcc -I/Users/davidjohnson/Library/Developer/Xcode/DerivedData/BlackJack-aeyvrglsgrwaeraxkexltgqsnhqh/Build/Intermediates.noindex/BlackJack.build/Debug-iphonesimulator/BlackJack.build/swift-overrides.hmap -emit-const-values -Xfrontend -const-gather-protocols-file -Xfrontend /Users/davidjohnson/Library/Developer/Xcode/DerivedData/BlackJack-aeyvrglsgrwaeraxkexltgqsnhqh/Build/Intermediates.noindex/BlackJack.build/Debug-iphonesimulator/BlackJack.build/Objects-normal/arm64/BlackJack_const_extract_protocols.json -Xcc -iquote -Xcc /Users/davidjohnson/Library/Developer/Xcode/DerivedData/BlackJack-aeyvrglsgrwaeraxkexltgqsnhqh/Build/Intermediates.noindex/BlackJack.build/Debug-iphonesimulator/BlackJack.build/SpadeBet-generated-files.hmap -Xcc -I/Users/davidjohnson/Library/Developer/Xcode/DerivedData/BlackJack-aeyvrglsgrwaeraxkexltgqsnhqh/Build/Intermediates.noindex/BlackJack.build/Debug-iphonesimulator/BlackJack.build/SpadeBet-own-target-headers.hmap -Xcc -I/Users/davidjohnson/Library/Developer/Xcode/DerivedData/BlackJack-aeyvrglsgrwaeraxkexltgqsnhqh/Build/Intermediates.noindex/BlackJack.build/Debug-iphonesimulator/BlackJack.build/SpadeBet-all-non-framework-target-headers.hmap -Xcc -ivfsoverlay -Xcc /Users/davidjohnson/Library/Developer/Xcode/DerivedData/BlackJack-aeyvrglsgrwaeraxkexltgqsnhqh/Build/Intermediates.noindex/BlackJack.build/Debug-iphonesimulator/BlackJack-a4348f5d0d44dc1a8721cb116288e205-VFS-iphonesimulator/all-product-headers.yaml -Xcc -iquote -Xcc /Users/davidjohnson/Library/Developer/Xcode/DerivedData/BlackJack-aeyvrglsgrwaeraxkexltgqsnhqh/Build/Intermediates.noindex/BlackJack.build/Debug-iphonesimulator/BlackJack.build/SpadeBet-project-headers.hmap -Xcc -I/Users/davidjohnson/Library/Developer/Xcode/DerivedData/BlackJack-aeyvrglsgrwaeraxkexltgqsnhqh/SourcePackages/checkouts/swift-package-manager-google-user-messaging-platform/UserMessagingPlatformTarget/include -Xcc -I/Users/davidjohnson/Library/Developer/Xcode/DerivedData/BlackJack-aeyvrglsgrwaeraxkexltgqsnhqh/Build/Products/Debug-iphonesimulator/include -Xcc -I/Users/davidjohnson/Library/Developer/Xcode/DerivedData/BlackJack-aeyvrglsgrwaeraxkexltgqsnhqh/Build/Products/Debug-iphonesimulator/Google-Mobile-Ads-SDK/Google_Mobile_Ads_SDK.framework/Headers -Xcc -I/Users/davidjohnson/Library/Developer/Xcode/DerivedData/BlackJack-aeyvrglsgrwaeraxkexltgqsnhqh/Build/Intermediates.noindex/BlackJack.build/Debug-iphonesimulator/BlackJack.build/DerivedSources-normal/arm64 -Xcc -I/Users/davidjohnson/Library/Developer/Xcode/DerivedData/BlackJack-aeyvrglsgrwaeraxkexltgqsnhqh/Build/Intermediates.noindex/BlackJack.build/Debug-iphonesimulator/BlackJack.build/DerivedSources/arm64 -Xcc -I/Users/davidjohnson/Library/Developer/Xcode/DerivedData/BlackJack-aeyvrglsgrwaeraxkexltgqsnhqh/Build/Intermediates.noindex/BlackJack.build/Debug-iphonesimulator/BlackJack.build/DerivedSources -Xcc -DDEBUG\=1 -Xcc -DCOCOAPODS\=1 -emit-objc-header -emit-objc-header-path /Users/davidjohnson/Library/Developer/Xcode/DerivedData/BlackJack-aeyvrglsgrwaeraxkexltgqsnhqh/Build/Intermediates.noindex/BlackJack.build/Debug-iphonesimulator/BlackJack.build/Objects-normal/arm64/SpadeBet-Swift.h -working-directory /Users/davidjohnson/Desktop/BlackJack/BlackJack -experimental-emit-module-separately -disable-cmo

Copy /Users/davidjohnson/Library/Developer/Xcode/DerivedData/BlackJack-aeyvrglsgrwaeraxkexltgqsnhqh/Build/Products/Debug-iphonesimulator/SpadeBet.swiftmodule/arm64-apple-ios-simulator.swiftmodule /Users/davidjohnson/Library/Developer/Xcode/DerivedData/BlackJack-aeyvrglsgrwaeraxkexltgqsnhqh/Build/Intermediates.noindex/BlackJack.build/Debug-iphonesimulator/BlackJack.build/Objects-normal/arm64/SpadeBet.swiftmodule (in target 'BlackJack' from project 'BlackJack')
    cd /Users/davidjohnson/Desktop/BlackJack/BlackJack
    builtin-copy -exclude .DS_Store -exclude CVS -exclude .svn -exclude .git -exclude .hg -resolve-src-symlinks -rename /Users/davidjohnson/Library/Developer/Xcode/DerivedData/BlackJack-aeyvrglsgrwaeraxkexltgqsnhqh/Build/Intermediates.noindex/BlackJack.build/Debug-iphonesimulator/BlackJack.build/Objects-normal/arm64/SpadeBet.swiftmodule /Users/davidjohnson/Library/Developer/Xcode/DerivedData/BlackJack-aeyvrglsgrwaeraxkexltgqsnhqh/Build/Products/Debug-iphonesimulator/SpadeBet.swiftmodule/arm64-apple-ios-simulator.swiftmodule

Copy /Users/davidjohnson/Library/Developer/Xcode/DerivedData/BlackJack-aeyvrglsgrwaeraxkexltgqsnhqh/Build/Products/Debug-iphonesimulator/SpadeBet.swiftmodule/Project/arm64-apple-ios-simulator.swiftsourceinfo /Users/davidjohnson/Library/Developer/Xcode/DerivedData/BlackJack-aeyvrglsgrwaeraxkexltgqsnhqh/Build/Intermediates.noindex/BlackJack.build/Debug-iphonesimulator/BlackJack.build/Objects-normal/arm64/SpadeBet.swiftsourceinfo (in target 'BlackJack' from project 'BlackJack')
    cd /Users/davidjohnson/Desktop/BlackJack/BlackJack
    builtin-copy -exclude .DS_Store -exclude CVS -exclude .svn -exclude .git -exclude .hg -resolve-src-symlinks -rename /Users/davidjohnson/Library/Developer/Xcode/DerivedData/BlackJack-aeyvrglsgrwaeraxkexltgqsnhqh/Build/Intermediates.noindex/BlackJack.build/Debug-iphonesimulator/BlackJack.build/Objects-normal/arm64/SpadeBet.swiftsourceinfo /Users/davidjohnson/Library/Developer/Xcode/DerivedData/BlackJack-aeyvrglsgrwaeraxkexltgqsnhqh/Build/Products/Debug-iphonesimulator/SpadeBet.swiftmodule/Project/arm64-apple-ios-simulator.swiftsourceinfo

Copy /Users/davidjohnson/Library/Developer/Xcode/DerivedData/BlackJack-aeyvrglsgrwaeraxkexltgqsnhqh/Build/Products/Debug-iphonesimulator/SpadeBet.swiftmodule/arm64-apple-ios-simulator.abi.json /Users/davidjohnson/Library/Developer/Xcode/DerivedData/BlackJack-aeyvrglsgrwaeraxkexltgqsnhqh/Build/Intermediates.noindex/BlackJack.build/Debug-iphonesimulator/BlackJack.build/Objects-normal/arm64/SpadeBet.abi.json (in target 'BlackJack' from project 'BlackJack')
    cd /Users/davidjohnson/Desktop/BlackJack/BlackJack
    builtin-copy -exclude .DS_Store -exclude CVS -exclude .svn -exclude .git -exclude .hg -resolve-src-symlinks -rename /Users/davidjohnson/Library/Developer/Xcode/DerivedData/BlackJack-aeyvrglsgrwaeraxkexltgqsnhqh/Build/Intermediates.noindex/BlackJack.build/Debug-iphonesimulator/BlackJack.build/Objects-normal/arm64/SpadeBet.abi.json /Users/davidjohnson/Library/Developer/Xcode/DerivedData/BlackJack-aeyvrglsgrwaeraxkexltgqsnhqh/Build/Products/Debug-iphonesimulator/SpadeBet.swiftmodule/arm64-apple-ios-simulator.abi.json

SwiftDriverJobDiscovery normal arm64 Compiling SettingsIconView.swift (in target 'BlackJack' from project 'BlackJack')

SwiftDriverJobDiscovery normal arm64 Compiling StatsIconView.swift (in target 'BlackJack' from project 'BlackJack')

SwiftDriverJobDiscovery normal arm64 Compiling StatsPopupView.swift (in target 'BlackJack' from project 'BlackJack')

SwiftDriverJobDiscovery normal arm64 Compiling MainMenuView.swift (in target 'BlackJack' from project 'BlackJack')

SwiftDriver\ Compilation BlackJack normal arm64 com.apple.xcode.tools.swift.compiler (in target 'BlackJack' from project 'BlackJack')
    cd /Users/davidjohnson/Desktop/BlackJack/BlackJack
    builtin-Swift-Compilation -- /Applications/Xcode.app/Contents/Developer/Toolchains/XcodeDefault.xctoolchain/usr/bin/swiftc -module-name SpadeBet -Onone -enforce-exclusivity\=checked @/Users/davidjohnson/Library/Developer/Xcode/DerivedData/BlackJack-aeyvrglsgrwaeraxkexltgqsnhqh/Build/Intermediates.noindex/BlackJack.build/Debug-iphonesimulator/BlackJack.build/Objects-normal/arm64/SpadeBet.SwiftFileList -DDEBUG -Xcc -fmodule-map-file\=/Users/davidjohnson/Library/Developer/Xcode/DerivedData/BlackJack-aeyvrglsgrwaeraxkexltgqsnhqh/Build/Intermediates.noindex/GeneratedModuleMaps-iphonesimulator/UserMessagingPlatformTarget.modulemap -D COCOAPODS -enable-bare-slash-regex -enable-experimental-feature DebugDescriptionMacro -sdk /Applications/Xcode.app/Contents/Developer/Platforms/iPhoneSimulator.platform/Developer/SDKs/iPhoneSimulator26.1.sdk -target arm64-apple-ios18.0-simulator -g -module-cache-path /Users/davidjohnson/Library/Developer/Xcode/DerivedData/ModuleCache.noindex -Xfrontend -serialize-debugging-options -profile-coverage-mapping -profile-generate -enable-testing -index-store-path /Users/davidjohnson/Library/Developer/Xcode/DerivedData/BlackJack-aeyvrglsgrwaeraxkexltgqsnhqh/Index.noindex/DataStore -Xcc -D_LIBCPP_HARDENING_MODE\=_LIBCPP_HARDENING_MODE_DEBUG -swift-version 5 -I /Users/davidjohnson/Library/Developer/Xcode/DerivedData/BlackJack-aeyvrglsgrwaeraxkexltgqsnhqh/Build/Products/Debug-iphonesimulator -F /Users/davidjohnson/Library/Developer/Xcode/DerivedData/BlackJack-aeyvrglsgrwaeraxkexltgqsnhqh/Build/Products/Debug-iphonesimulator/PackageFrameworks -F /Users/davidjohnson/Library/Developer/Xcode/DerivedData/BlackJack-aeyvrglsgrwaeraxkexltgqsnhqh/Build/Products/Debug-iphonesimulator/PackageFrameworks -F /Users/davidjohnson/Library/Developer/Xcode/DerivedData/BlackJack-aeyvrglsgrwaeraxkexltgqsnhqh/Build/Products/Debug-iphonesimulator -F /Users/davidjohnson/Library/Developer/Xcode/DerivedData/BlackJack-aeyvrglsgrwaeraxkexltgqsnhqh/Build/Products/Debug-iphonesimulator/Google-Mobile-Ads-SDK -F /Users/davidjohnson/Desktop/BlackJack/BlackJack/Pods/Google-Mobile-Ads-SDK/Frameworks/GoogleMobileAdsFramework -F /Users/davidjohnson/Desktop/BlackJack/BlackJack/Pods/GoogleUserMessagingPlatform/Frameworks/Release -F /Users/davidjohnson/Library/Developer/Xcode/DerivedData/BlackJack-aeyvrglsgrwaeraxkexltgqsnhqh/Build/Products/Debug-iphonesimulator/XCFrameworkIntermediates/Google-Mobile-Ads-SDK -F /Users/davidjohnson/Library/Developer/Xcode/DerivedData/BlackJack-aeyvrglsgrwaeraxkexltgqsnhqh/Build/Products/Debug-iphonesimulator/XCFrameworkIntermediates/GoogleUserMessagingPlatform -emit-localized-strings -emit-localized-strings-path /Users/davidjohnson/Library/Developer/Xcode/DerivedData/BlackJack-aeyvrglsgrwaeraxkexltgqsnhqh/Build/Intermediates.noindex/BlackJack.build/Debug-iphonesimulator/BlackJack.build/Objects-normal/arm64 -c -j10 -enable-batch-mode -incremental -Xcc -ivfsstatcache -Xcc /Users/davidjohnson/Library/Developer/Xcode/DerivedData/SDKStatCaches.noindex/iphonesimulator26.1-23B77-90cf18a4295e390e64c810bc6bd7acbc.sdkstatcache -output-file-map /Users/davidjohnson/Library/Developer/Xcode/DerivedData/BlackJack-aeyvrglsgrwaeraxkexltgqsnhqh/Build/Intermediates.noindex/BlackJack.build/Debug-iphonesimulator/BlackJack.build/Objects-normal/arm64/BlackJack-OutputFileMap.json -use-frontend-parseable-output -save-temps -no-color-diagnostics -explicit-module-build -module-cache-path /Users/davidjohnson/Library/Developer/Xcode/DerivedData/BlackJack-aeyvrglsgrwaeraxkexltgqsnhqh/Build/Intermediates.noindex/SwiftExplicitPrecompiledModules -clang-scanner-module-cache-path /Users/davidjohnson/Library/Developer/Xcode/DerivedData/ModuleCache.noindex -sdk-module-cache-path /Users/davidjohnson/Library/Developer/Xcode/DerivedData/ModuleCache.noindex -serialize-diagnostics -emit-dependencies -emit-module -emit-module-path /Users/davidjohnson/Library/Developer/Xcode/DerivedData/BlackJack-aeyvrglsgrwaeraxkexltgqsnhqh/Build/Intermediates.noindex/BlackJack.build/Debug-iphonesimulator/BlackJack.build/Objects-normal/arm64/SpadeBet.swiftmodule -validate-clang-modules-once -clang-build-session-file /Users/davidjohnson/Library/Developer/Xcode/DerivedData/ModuleCache.noindex/Session.modulevalidation -Xcc -I/Users/davidjohnson/Library/Developer/Xcode/DerivedData/BlackJack-aeyvrglsgrwaeraxkexltgqsnhqh/Build/Intermediates.noindex/BlackJack.build/Debug-iphonesimulator/BlackJack.build/swift-overrides.hmap -emit-const-values -Xfrontend -const-gather-protocols-file -Xfrontend /Users/davidjohnson/Library/Developer/Xcode/DerivedData/BlackJack-aeyvrglsgrwaeraxkexltgqsnhqh/Build/Intermediates.noindex/BlackJack.build/Debug-iphonesimulator/BlackJack.build/Objects-normal/arm64/BlackJack_const_extract_protocols.json -Xcc -iquote -Xcc /Users/davidjohnson/Library/Developer/Xcode/DerivedData/BlackJack-aeyvrglsgrwaeraxkexltgqsnhqh/Build/Intermediates.noindex/BlackJack.build/Debug-iphonesimulator/BlackJack.build/SpadeBet-generated-files.hmap -Xcc -I/Users/davidjohnson/Library/Developer/Xcode/DerivedData/BlackJack-aeyvrglsgrwaeraxkexltgqsnhqh/Build/Intermediates.noindex/BlackJack.build/Debug-iphonesimulator/BlackJack.build/SpadeBet-own-target-headers.hmap -Xcc -I/Users/davidjohnson/Library/Developer/Xcode/DerivedData/BlackJack-aeyvrglsgrwaeraxkexltgqsnhqh/Build/Intermediates.noindex/BlackJack.build/Debug-iphonesimulator/BlackJack.build/SpadeBet-all-non-framework-target-headers.hmap -Xcc -ivfsoverlay -Xcc /Users/davidjohnson/Library/Developer/Xcode/DerivedData/BlackJack-aeyvrglsgrwaeraxkexltgqsnhqh/Build/Intermediates.noindex/BlackJack.build/Debug-iphonesimulator/BlackJack-a4348f5d0d44dc1a8721cb116288e205-VFS-iphonesimulator/all-product-headers.yaml -Xcc -iquote -Xcc /Users/davidjohnson/Library/Developer/Xcode/DerivedData/BlackJack-aeyvrglsgrwaeraxkexltgqsnhqh/Build/Intermediates.noindex/BlackJack.build/Debug-iphonesimulator/BlackJack.build/SpadeBet-project-headers.hmap -Xcc -I/Users/davidjohnson/Library/Developer/Xcode/DerivedData/BlackJack-aeyvrglsgrwaeraxkexltgqsnhqh/SourcePackages/checkouts/swift-package-manager-google-user-messaging-platform/UserMessagingPlatformTarget/include -Xcc -I/Users/davidjohnson/Library/Developer/Xcode/DerivedData/BlackJack-aeyvrglsgrwaeraxkexltgqsnhqh/Build/Products/Debug-iphonesimulator/include -Xcc -I/Users/davidjohnson/Library/Developer/Xcode/DerivedData/BlackJack-aeyvrglsgrwaeraxkexltgqsnhqh/Build/Products/Debug-iphonesimulator/Google-Mobile-Ads-SDK/Google_Mobile_Ads_SDK.framework/Headers -Xcc -I/Users/davidjohnson/Library/Developer/Xcode/DerivedData/BlackJack-aeyvrglsgrwaeraxkexltgqsnhqh/Build/Intermediates.noindex/BlackJack.build/Debug-iphonesimulator/BlackJack.build/DerivedSources-normal/arm64 -Xcc -I/Users/davidjohnson/Library/Developer/Xcode/DerivedData/BlackJack-aeyvrglsgrwaeraxkexltgqsnhqh/Build/Intermediates.noindex/BlackJack.build/Debug-iphonesimulator/BlackJack.build/DerivedSources/arm64 -Xcc -I/Users/davidjohnson/Library/Developer/Xcode/DerivedData/BlackJack-aeyvrglsgrwaeraxkexltgqsnhqh/Build/Intermediates.noindex/BlackJack.build/Debug-iphonesimulator/BlackJack.build/DerivedSources -Xcc -DDEBUG\=1 -Xcc -DCOCOAPODS\=1 -emit-objc-header -emit-objc-header-path /Users/davidjohnson/Library/Developer/Xcode/DerivedData/BlackJack-aeyvrglsgrwaeraxkexltgqsnhqh/Build/Intermediates.noindex/BlackJack.build/Debug-iphonesimulator/BlackJack.build/Objects-normal/arm64/SpadeBet-Swift.h -working-directory /Users/davidjohnson/Desktop/BlackJack/BlackJack -experimental-emit-module-separately -disable-cmo

Ld /Users/davidjohnson/Library/Developer/Xcode/DerivedData/BlackJack-aeyvrglsgrwaeraxkexltgqsnhqh/Build/Products/Debug-iphonesimulator/SpadeBet.app/SpadeBet.debug.dylib normal (in target 'BlackJack' from project 'BlackJack')
    cd /Users/davidjohnson/Desktop/BlackJack/BlackJack
    /Applications/Xcode.app/Contents/Developer/Toolchains/XcodeDefault.xctoolchain/usr/bin/clang -Xlinker -reproducible -target arm64-apple-ios18.0-simulator -dynamiclib -isysroot /Applications/Xcode.app/Contents/Developer/Platforms/iPhoneSimulator.platform/Developer/SDKs/iPhoneSimulator26.1.sdk -O0 -L/Users/davidjohnson/Library/Developer/Xcode/DerivedData/BlackJack-aeyvrglsgrwaeraxkexltgqsnhqh/Build/Intermediates.noindex/EagerLinkingTBDs/Debug-iphonesimulator -L/Users/davidjohnson/Library/Developer/Xcode/DerivedData/BlackJack-aeyvrglsgrwaeraxkexltgqsnhqh/Build/Products/Debug-iphonesimulator -L/Applications/Xcode.app/Contents/Developer/Toolchains/XcodeDefault.xctoolchain/usr/lib/swift/iphonesimulator -L/Applications/Xcode.app/Contents/Developer/Platforms/iPhoneSimulator.platform/Developer/SDKs/iPhoneSimulator26.1.sdk/usr/lib/swift -F/Users/davidjohnson/Library/Developer/Xcode/DerivedData/BlackJack-aeyvrglsgrwaeraxkexltgqsnhqh/Build/Intermediates.noindex/EagerLinkingTBDs/Debug-iphonesimulator -F/Users/davidjohnson/Library/Developer/Xcode/DerivedData/BlackJack-aeyvrglsgrwaeraxkexltgqsnhqh/Build/Products/Debug-iphonesimulator/PackageFrameworks -F/Users/davidjohnson/Library/Developer/Xcode/DerivedData/BlackJack-aeyvrglsgrwaeraxkexltgqsnhqh/Build/Products/Debug-iphonesimulator/PackageFrameworks -F/Users/davidjohnson/Library/Developer/Xcode/DerivedData/BlackJack-aeyvrglsgrwaeraxkexltgqsnhqh/Build/Products/Debug-iphonesimulator -F/Users/davidjohnson/Library/Developer/Xcode/DerivedData/BlackJack-aeyvrglsgrwaeraxkexltgqsnhqh/Build/Products/Debug-iphonesimulator/Google-Mobile-Ads-SDK -F/Users/davidjohnson/Desktop/BlackJack/BlackJack/Pods/Google-Mobile-Ads-SDK/Frameworks/GoogleMobileAdsFramework -F/Users/davidjohnson/Desktop/BlackJack/BlackJack/Pods/GoogleUserMessagingPlatform/Frameworks/Release -F/Users/davidjohnson/Library/Developer/Xcode/DerivedData/BlackJack-aeyvrglsgrwaeraxkexltgqsnhqh/Build/Products/Debug-iphonesimulator/XCFrameworkIntermediates/Google-Mobile-Ads-SDK -F/Users/davidjohnson/Library/Developer/Xcode/DerivedData/BlackJack-aeyvrglsgrwaeraxkexltgqsnhqh/Build/Products/Debug-iphonesimulator/XCFrameworkIntermediates/GoogleUserMessagingPlatform -filelist /Users/davidjohnson/Library/Developer/Xcode/DerivedData/BlackJack-aeyvrglsgrwaeraxkexltgqsnhqh/Build/Intermediates.noindex/BlackJack.build/Debug-iphonesimulator/BlackJack.build/Objects-normal/arm64/SpadeBet.LinkFileList -install_name @rpath/SpadeBet.debug.dylib -Xlinker -rpath -Xlinker /usr/lib/swift -Xlinker -rpath -Xlinker /Users/davidjohnson/Library/Developer/Xcode/DerivedData/BlackJack-aeyvrglsgrwaeraxkexltgqsnhqh/Build/Products/Debug-iphonesimulator/PackageFrameworks -Xlinker -rpath -Xlinker @executable_path/Frameworks -dead_strip -Xlinker -object_path_lto -Xlinker /Users/davidjohnson/Library/Developer/Xcode/DerivedData/BlackJack-aeyvrglsgrwaeraxkexltgqsnhqh/Build/Intermediates.noindex/BlackJack.build/Debug-iphonesimulator/BlackJack.build/Objects-normal/arm64/SpadeBet_lto.o -rdynamic -Xlinker -no_deduplicate -Xlinker -objc_abi_version -Xlinker 2 -Xlinker -debug_variant -Xlinker -dependency_info -Xlinker /Users/davidjohnson/Library/Developer/Xcode/DerivedData/BlackJack-aeyvrglsgrwaeraxkexltgqsnhqh/Build/Intermediates.noindex/BlackJack.build/Debug-iphonesimulator/BlackJack.build/Objects-normal/arm64/SpadeBet_dependency_info.dat -fobjc-link-runtime -fprofile-instr-generate -L/Applications/Xcode.app/Contents/Developer/Toolchains/XcodeDefault.xctoolchain/usr/lib/swift/iphonesimulator -L/usr/lib/swift -Xlinker -add_ast_path -Xlinker /Users/davidjohnson/Library/Developer/Xcode/DerivedData/BlackJack-aeyvrglsgrwaeraxkexltgqsnhqh/Build/Intermediates.noindex/BlackJack.build/Debug-iphonesimulator/BlackJack.build/Objects-normal/arm64/SpadeBet.swiftmodule @/Users/davidjohnson/Library/Developer/Xcode/DerivedData/BlackJack-aeyvrglsgrwaeraxkexltgqsnhqh/Build/Intermediates.noindex/BlackJack.build/Debug-iphonesimulator/BlackJack.build/Objects-normal/arm64/SpadeBet-linker-args.resp -Wl,-no_warn_duplicate_libraries -Wl,-no_warn_duplicate_libraries -ObjC -lsqlite3 -lz -framework AVFoundation -framework AudioToolbox -framework CFNetwork -framework CoreGraphics -framework CoreMedia -framework CoreTelephony -framework CoreVideo -framework GoogleMobileAds -framework Google_Mobile_Ads_SDK -framework JavaScriptCore -framework MediaPlayer -framework MessageUI -framework MobileCoreServices -framework Network -framework QuartzCore -framework Security -framework StoreKit -framework SystemConfiguration -framework UserMessagingPlatform -framework WebKit -weak_framework AdSupport -weak_framework JavaScriptCore -weak_framework SafariServices -weak_framework WebKit -framework WebKit -Xlinker -alias -Xlinker _main -Xlinker ___debug_main_executable_dylib_entry_point -framework StoreKit -framework GoogleMobileAds -framework UserMessagingPlatform -framework Pods_BlackJack -Xlinker -no_adhoc_codesign -o /Users/davidjohnson/Library/Developer/Xcode/DerivedData/BlackJack-aeyvrglsgrwaeraxkexltgqsnhqh/Build/Products/Debug-iphonesimulator/SpadeBet.app/SpadeBet.debug.dylib -Xlinker -add_ast_path -Xlinker /Users/davidjohnson/Library/Developer/Xcode/DerivedData/BlackJack-aeyvrglsgrwaeraxkexltgqsnhqh/Build/Intermediates.noindex/GoogleMobileAds.build/Debug-iphonesimulator/GoogleMobileAdsTarget.build/Objects-normal/arm64/GoogleMobileAdsTarget.swiftmodule @/Users/davidjohnson/Library/Developer/Xcode/DerivedData/BlackJack-aeyvrglsgrwaeraxkexltgqsnhqh/Build/Intermediates.noindex/GoogleMobileAds.build/Debug-iphonesimulator/GoogleMobileAdsTarget.build/Objects-normal/arm64/GoogleMobileAdsTarget-linker-args.resp

ConstructStubExecutorLinkFileList /Users/davidjohnson/Library/Developer/Xcode/DerivedData/BlackJack-aeyvrglsgrwaeraxkexltgqsnhqh/Build/Intermediates.noindex/BlackJack.build/Debug-iphonesimulator/BlackJack.build/SpadeBet-ExecutorLinkFileList-normal-arm64.txt (in target 'BlackJack' from project 'BlackJack')
    cd /Users/davidjohnson/Desktop/BlackJack/BlackJack
    construct-stub-executor-link-file-list /Users/davidjohnson/Library/Developer/Xcode/DerivedData/BlackJack-aeyvrglsgrwaeraxkexltgqsnhqh/Build/Products/Debug-iphonesimulator/SpadeBet.app/SpadeBet.debug.dylib /Applications/Xcode.app/Contents/Developer/Platforms/iPhoneSimulator.platform/Developer/usr/lib/libPreviewsJITStubExecutor_no_swift_entry_point.a /Applications/Xcode.app/Contents/Developer/Platforms/iPhoneSimulator.platform/Developer/usr/lib/libPreviewsJITStubExecutor.a --output /Users/davidjohnson/Library/Developer/Xcode/DerivedData/BlackJack-aeyvrglsgrwaeraxkexltgqsnhqh/Build/Intermediates.noindex/BlackJack.build/Debug-iphonesimulator/BlackJack.build/SpadeBet-ExecutorLinkFileList-normal-arm64.txt
note: Using stub executor library with Swift entry point. (in target 'BlackJack' from project 'BlackJack')

Ld /Users/davidjohnson/Library/Developer/Xcode/DerivedData/BlackJack-aeyvrglsgrwaeraxkexltgqsnhqh/Build/Products/Debug-iphonesimulator/SpadeBet.app/SpadeBet normal (in target 'BlackJack' from project 'BlackJack')
    cd /Users/davidjohnson/Desktop/BlackJack/BlackJack
    /Applications/Xcode.app/Contents/Developer/Toolchains/XcodeDefault.xctoolchain/usr/bin/clang -Xlinker -reproducible -target arm64-apple-ios18.0-simulator -isysroot /Applications/Xcode.app/Contents/Developer/Platforms/iPhoneSimulator.platform/Developer/SDKs/iPhoneSimulator26.1.sdk -O0 -L/Users/davidjohnson/Library/Developer/Xcode/DerivedData/BlackJack-aeyvrglsgrwaeraxkexltgqsnhqh/Build/Products/Debug-iphonesimulator -L/Applications/Xcode.app/Contents/Developer/Toolchains/XcodeDefault.xctoolchain/usr/lib/swift/iphonesimulator -L/Applications/Xcode.app/Contents/Developer/Platforms/iPhoneSimulator.platform/Developer/SDKs/iPhoneSimulator26.1.sdk/usr/lib/swift -F/Users/davidjohnson/Library/Developer/Xcode/DerivedData/BlackJack-aeyvrglsgrwaeraxkexltgqsnhqh/Build/Products/Debug-iphonesimulator/PackageFrameworks -F/Users/davidjohnson/Library/Developer/Xcode/DerivedData/BlackJack-aeyvrglsgrwaeraxkexltgqsnhqh/Build/Products/Debug-iphonesimulator/PackageFrameworks -F/Users/davidjohnson/Library/Developer/Xcode/DerivedData/BlackJack-aeyvrglsgrwaeraxkexltgqsnhqh/Build/Products/Debug-iphonesimulator -F/Users/davidjohnson/Library/Developer/Xcode/DerivedData/BlackJack-aeyvrglsgrwaeraxkexltgqsnhqh/Build/Products/Debug-iphonesimulator/Google-Mobile-Ads-SDK -F/Users/davidjohnson/Desktop/BlackJack/BlackJack/Pods/Google-Mobile-Ads-SDK/Frameworks/GoogleMobileAdsFramework -F/Users/davidjohnson/Desktop/BlackJack/BlackJack/Pods/GoogleUserMessagingPlatform/Frameworks/Release -F/Users/davidjohnson/Library/Developer/Xcode/DerivedData/BlackJack-aeyvrglsgrwaeraxkexltgqsnhqh/Build/Products/Debug-iphonesimulator/XCFrameworkIntermediates/Google-Mobile-Ads-SDK -F/Users/davidjohnson/Library/Developer/Xcode/DerivedData/BlackJack-aeyvrglsgrwaeraxkexltgqsnhqh/Build/Products/Debug-iphonesimulator/XCFrameworkIntermediates/GoogleUserMessagingPlatform -Xlinker -rpath -Xlinker @executable_path -Xlinker -rpath -Xlinker /Users/davidjohnson/Library/Developer/Xcode/DerivedData/BlackJack-aeyvrglsgrwaeraxkexltgqsnhqh/Build/Products/Debug-iphonesimulator/PackageFrameworks -Xlinker -rpath -Xlinker @executable_path/Frameworks -rdynamic -Xlinker -no_deduplicate -Xlinker -objc_abi_version -Xlinker 2 -Xlinker -debug_variant -e ___debug_blank_executor_main -Xlinker -sectcreate -Xlinker __TEXT -Xlinker __debug_dylib -Xlinker /Users/davidjohnson/Library/Developer/Xcode/DerivedData/BlackJack-aeyvrglsgrwaeraxkexltgqsnhqh/Build/Intermediates.noindex/BlackJack.build/Debug-iphonesimulator/BlackJack.build/SpadeBet-DebugDylibPath-normal-arm64.txt -Xlinker -sectcreate -Xlinker __TEXT -Xlinker __debug_instlnm -Xlinker /Users/davidjohnson/Library/Developer/Xcode/DerivedData/BlackJack-aeyvrglsgrwaeraxkexltgqsnhqh/Build/Intermediates.noindex/BlackJack.build/Debug-iphonesimulator/BlackJack.build/SpadeBet-DebugDylibInstallName-normal-arm64.txt -Xlinker -filelist -Xlinker /Users/davidjohnson/Library/Developer/Xcode/DerivedData/BlackJack-aeyvrglsgrwaeraxkexltgqsnhqh/Build/Intermediates.noindex/BlackJack.build/Debug-iphonesimulator/BlackJack.build/SpadeBet-ExecutorLinkFileList-normal-arm64.txt -Xlinker -sectcreate -Xlinker __TEXT -Xlinker __entitlements -Xlinker /Users/davidjohnson/Library/Developer/Xcode/DerivedData/BlackJack-aeyvrglsgrwaeraxkexltgqsnhqh/Build/Intermediates.noindex/BlackJack.build/Debug-iphonesimulator/BlackJack.build/SpadeBet.app-Simulated.xcent -Xlinker -sectcreate -Xlinker __TEXT -Xlinker __ents_der -Xlinker /Users/davidjohnson/Library/Developer/Xcode/DerivedData/BlackJack-aeyvrglsgrwaeraxkexltgqsnhqh/Build/Intermediates.noindex/BlackJack.build/Debug-iphonesimulator/BlackJack.build/SpadeBet.app-Simulated.xcent.der /Users/davidjohnson/Library/Developer/Xcode/DerivedData/BlackJack-aeyvrglsgrwaeraxkexltgqsnhqh/Build/Products/Debug-iphonesimulator/SpadeBet.app/SpadeBet.debug.dylib -Xlinker -no_adhoc_codesign -o /Users/davidjohnson/Library/Developer/Xcode/DerivedData/BlackJack-aeyvrglsgrwaeraxkexltgqsnhqh/Build/Products/Debug-iphonesimulator/SpadeBet.app/SpadeBet

CopySwiftLibs /Users/davidjohnson/Library/Developer/Xcode/DerivedData/BlackJack-aeyvrglsgrwaeraxkexltgqsnhqh/Build/Products/Debug-iphonesimulator/SpadeBet.app (in target 'BlackJack' from project 'BlackJack')
    cd /Users/davidjohnson/Desktop/BlackJack/BlackJack
    builtin-swiftStdLibTool --copy --verbose --sign - --scan-executable /Users/davidjohnson/Library/Developer/Xcode/DerivedData/BlackJack-aeyvrglsgrwaeraxkexltgqsnhqh/Build/Products/Debug-iphonesimulator/SpadeBet.app/SpadeBet.debug.dylib --scan-folder /Users/davidjohnson/Library/Developer/Xcode/DerivedData/BlackJack-aeyvrglsgrwaeraxkexltgqsnhqh/Build/Products/Debug-iphonesimulator/SpadeBet.app/Frameworks --scan-folder /Users/davidjohnson/Library/Developer/Xcode/DerivedData/BlackJack-aeyvrglsgrwaeraxkexltgqsnhqh/Build/Products/Debug-iphonesimulator/SpadeBet.app/PlugIns --scan-folder /Users/davidjohnson/Library/Developer/Xcode/DerivedData/BlackJack-aeyvrglsgrwaeraxkexltgqsnhqh/Build/Products/Debug-iphonesimulator/SpadeBet.app/SystemExtensions --scan-folder /Users/davidjohnson/Library/Developer/Xcode/DerivedData/BlackJack-aeyvrglsgrwaeraxkexltgqsnhqh/Build/Products/Debug-iphonesimulator/SpadeBet.app/Extensions --scan-folder /Applications/Xcode.app/Contents/Developer/Platforms/iPhoneSimulator.platform/Developer/SDKs/iPhoneSimulator26.1.sdk/System/Library/Frameworks/StoreKit.framework --scan-folder /Users/davidjohnson/Library/Developer/Xcode/DerivedData/BlackJack-aeyvrglsgrwaeraxkexltgqsnhqh/Build/Products/Debug-iphonesimulator/Pods_BlackJack.framework --platform iphonesimulator --toolchain /Applications/Xcode.app/Contents/Developer/Toolchains/XcodeDefault.xctoolchain --destination /Users/davidjohnson/Library/Developer/Xcode/DerivedData/BlackJack-aeyvrglsgrwaeraxkexltgqsnhqh/Build/Products/Debug-iphonesimulator/SpadeBet.app/Frameworks --strip-bitcode --strip-bitcode-tool /Applications/Xcode.app/Contents/Developer/Toolchains/XcodeDefault.xctoolchain/usr/bin/bitcode_strip --emit-dependency-info /Users/davidjohnson/Library/Developer/Xcode/DerivedData/BlackJack-aeyvrglsgrwaeraxkexltgqsnhqh/Build/Intermediates.noindex/BlackJack.build/Debug-iphonesimulator/BlackJack.build/SwiftStdLibToolInputDependencies.dep --filter-for-swift-os --back-deploy-swift-span

ExtractAppIntentsMetadata (in target 'BlackJack' from project 'BlackJack')
    cd /Users/davidjohnson/Desktop/BlackJack/BlackJack
    /Applications/Xcode.app/Contents/Developer/Toolchains/XcodeDefault.xctoolchain/usr/bin/appintentsmetadataprocessor --toolchain-dir /Applications/Xcode.app/Contents/Developer/Toolchains/XcodeDefault.xctoolchain --module-name SpadeBet --sdk-root /Applications/Xcode.app/Contents/Developer/Platforms/iPhoneSimulator.platform/Developer/SDKs/iPhoneSimulator26.1.sdk --xcode-version 17B100 --platform-family iOS --deployment-target 18.0 --bundle-identifier dave.b.BlackJack --output /Users/davidjohnson/Library/Developer/Xcode/DerivedData/BlackJack-aeyvrglsgrwaeraxkexltgqsnhqh/Build/Products/Debug-iphonesimulator/SpadeBet.app --target-triple arm64-apple-ios18.0-simulator --binary-file /Users/davidjohnson/Library/Developer/Xcode/DerivedData/BlackJack-aeyvrglsgrwaeraxkexltgqsnhqh/Build/Products/Debug-iphonesimulator/SpadeBet.app/SpadeBet --dependency-file /Users/davidjohnson/Library/Developer/Xcode/DerivedData/BlackJack-aeyvrglsgrwaeraxkexltgqsnhqh/Build/Intermediates.noindex/BlackJack.build/Debug-iphonesimulator/BlackJack.build/Objects-normal/arm64/SpadeBet_dependency_info.dat --stringsdata-file /Users/davidjohnson/Library/Developer/Xcode/DerivedData/BlackJack-aeyvrglsgrwaeraxkexltgqsnhqh/Build/Intermediates.noindex/BlackJack.build/Debug-iphonesimulator/BlackJack.build/Objects-normal/arm64/ExtractedAppShortcutsMetadata.stringsdata --source-file-list /Users/davidjohnson/Library/Developer/Xcode/DerivedData/BlackJack-aeyvrglsgrwaeraxkexltgqsnhqh/Build/Intermediates.noindex/BlackJack.build/Debug-iphonesimulator/BlackJack.build/Objects-normal/arm64/SpadeBet.SwiftFileList --metadata-file-list /Users/davidjohnson/Library/Developer/Xcode/DerivedData/BlackJack-aeyvrglsgrwaeraxkexltgqsnhqh/Build/Intermediates.noindex/BlackJack.build/Debug-iphonesimulator/BlackJack.build/SpadeBet.DependencyMetadataFileList --static-metadata-file-list /Users/davidjohnson/Library/Developer/Xcode/DerivedData/BlackJack-aeyvrglsgrwaeraxkexltgqsnhqh/Build/Intermediates.noindex/BlackJack.build/Debug-iphonesimulator/BlackJack.build/SpadeBet.DependencyStaticMetadataFileList --swift-const-vals-list /Users/davidjohnson/Library/Developer/Xcode/DerivedData/BlackJack-aeyvrglsgrwaeraxkexltgqsnhqh/Build/Intermediates.noindex/BlackJack.build/Debug-iphonesimulator/BlackJack.build/Objects-normal/arm64/SpadeBet.SwiftConstValuesFileList --compile-time-extraction --deployment-aware-processing --validate-assistant-intents --no-app-shortcuts-localization
2025-12-17 15:26:25.692 appintentsmetadataprocessor[2972:46569] Starting appintentsmetadataprocessor export
2025-12-17 15:26:25.694 appintentsmetadataprocessor[2972:46569] warning: Metadata extraction skipped. No AppIntents.framework dependency found.

CodeSign /Users/davidjohnson/Library/Developer/Xcode/DerivedData/BlackJack-aeyvrglsgrwaeraxkexltgqsnhqh/Build/Products/Debug-iphonesimulator/SpadeBet.app/SpadeBet.debug.dylib (in target 'BlackJack' from project 'BlackJack')
    cd /Users/davidjohnson/Desktop/BlackJack/BlackJack
    
    Signing Identity:     "Sign to Run Locally"
    
    /usr/bin/codesign --force --sign - --timestamp\=none --generate-entitlement-der /Users/davidjohnson/Library/Developer/Xcode/DerivedData/BlackJack-aeyvrglsgrwaeraxkexltgqsnhqh/Build/Products/Debug-iphonesimulator/SpadeBet.app/SpadeBet.debug.dylib

CodeSign /Users/davidjohnson/Library/Developer/Xcode/DerivedData/BlackJack-aeyvrglsgrwaeraxkexltgqsnhqh/Build/Products/Debug-iphonesimulator/SpadeBet.app/__preview.dylib (in target 'BlackJack' from project 'BlackJack')
    cd /Users/davidjohnson/Desktop/BlackJack/BlackJack
    
    Signing Identity:     "Sign to Run Locally"
    
    /usr/bin/codesign --force --sign - --timestamp\=none --generate-entitlement-der /Users/davidjohnson/Library/Developer/Xcode/DerivedData/BlackJack-aeyvrglsgrwaeraxkexltgqsnhqh/Build/Products/Debug-iphonesimulator/SpadeBet.app/__preview.dylib
/Users/davidjohnson/Library/Developer/Xcode/DerivedData/BlackJack-aeyvrglsgrwaeraxkexltgqsnhqh/Build/Products/Debug-iphonesimulator/SpadeBet.app/__preview.dylib: replacing existing signature

CodeSign /Users/davidjohnson/Library/Developer/Xcode/DerivedData/BlackJack-aeyvrglsgrwaeraxkexltgqsnhqh/Build/Products/Debug-iphonesimulator/SpadeBet.app (in target 'BlackJack' from project 'BlackJack')
    cd /Users/davidjohnson/Desktop/BlackJack/BlackJack
    
    Signing Identity:     "Sign to Run Locally"
    
    /usr/bin/codesign --force --sign - --timestamp\=none --generate-entitlement-der /Users/davidjohnson/Library/Developer/Xcode/DerivedData/BlackJack-aeyvrglsgrwaeraxkexltgqsnhqh/Build/Products/Debug-iphonesimulator/SpadeBet.app

Validate /Users/davidjohnson/Library/Developer/Xcode/DerivedData/BlackJack-aeyvrglsgrwaeraxkexltgqsnhqh/Build/Products/Debug-iphonesimulator/SpadeBet.app (in target 'BlackJack' from project 'BlackJack')
    cd /Users/davidjohnson/Desktop/BlackJack/BlackJack
    builtin-validationUtility /Users/davidjohnson/Library/Developer/Xcode/DerivedData/BlackJack-aeyvrglsgrwaeraxkexltgqsnhqh/Build/Products/Debug-iphonesimulator/SpadeBet.app -shallow-bundle -infoplist-subpath Info.plist

** BUILD SUCCEEDED **

